<?xml version="1.0" encoding="UTF-8"?>
<testsuite xmlns:xsi="http://www.w3.org/2001/XMLSchema-instance" xsi:noNamespaceSchemaLocation="https://maven.apache.org/surefire/maven-surefire-plugin/xsd/surefire-test-report-3.0.xsd" version="3.0" name="com.rueda.service.OdontologoServiceTest" time="0.464" tests="5" errors="1" skipped="0" failures="2">
  <properties>
    <property name="java.specification.version" value="16"/>
    <property name="sun.jnu.encoding" value="UTF-8"/>
    <property name="java.class.path" value="/home/maui-128/Documents/REPOSITORIOS/INTELIJ/Ejercitacion26-Examen/target/test-classes:/home/maui-128/Documents/REPOSITORIOS/INTELIJ/Ejercitacion26-Examen/target/classes:/home/maui-128/.m2/repository/junit/junit/4.11/junit-4.11.jar:/home/maui-128/.m2/repository/org/hamcrest/hamcrest-core/1.3/hamcrest-core-1.3.jar:/home/maui-128/.m2/repository/com/h2database/h2/1.4.200/h2-1.4.200.jar:/home/maui-128/.m2/repository/log4j/log4j/1.2.17/log4j-1.2.17.jar:/home/maui-128/.m2/repository/org/junit/jupiter/junit-jupiter-engine/5.4.0/junit-jupiter-engine-5.4.0.jar:/home/maui-128/.m2/repository/org/apiguardian/apiguardian-api/1.0.0/apiguardian-api-1.0.0.jar:/home/maui-128/.m2/repository/org/junit/platform/junit-platform-engine/1.4.0/junit-platform-engine-1.4.0.jar:/home/maui-128/.m2/repository/org/opentest4j/opentest4j/1.1.1/opentest4j-1.1.1.jar:/home/maui-128/.m2/repository/org/junit/platform/junit-platform-commons/1.4.0/junit-platform-commons-1.4.0.jar:/home/maui-128/.m2/repository/org/junit/jupiter/junit-jupiter-api/5.4.0/junit-jupiter-api-5.4.0.jar:"/>
    <property name="java.vm.vendor" value="Oracle Corporation"/>
    <property name="sun.arch.data.model" value="64"/>
    <property name="java.vendor.url" value="https://java.oracle.com/"/>
    <property name="user.timezone" value="America/Bogota"/>
    <property name="os.name" value="Linux"/>
    <property name="java.vm.specification.version" value="16"/>
    <property name="sun.java.launcher" value="SUN_STANDARD"/>
    <property name="user.country" value="US"/>
    <property name="sun.boot.library.path" value="/usr/lib/jvm/jdk-16.0.2/lib"/>
    <property name="sun.java.command" value="/home/maui-128/Documents/REPOSITORIOS/INTELIJ/Ejercitacion26-Examen/target/surefire/surefirebooter4659742123730529096.jar /home/maui-128/Documents/REPOSITORIOS/INTELIJ/Ejercitacion26-Examen/target/surefire 2021-08-27T17-02-50_495-jvmRun1 surefire16949711729717851900tmp surefire_016002250787497157284tmp"/>
    <property name="jdk.debug" value="release"/>
    <property name="surefire.test.class.path" value="/home/maui-128/Documents/REPOSITORIOS/INTELIJ/Ejercitacion26-Examen/target/test-classes:/home/maui-128/Documents/REPOSITORIOS/INTELIJ/Ejercitacion26-Examen/target/classes:/home/maui-128/.m2/repository/junit/junit/4.11/junit-4.11.jar:/home/maui-128/.m2/repository/org/hamcrest/hamcrest-core/1.3/hamcrest-core-1.3.jar:/home/maui-128/.m2/repository/com/h2database/h2/1.4.200/h2-1.4.200.jar:/home/maui-128/.m2/repository/log4j/log4j/1.2.17/log4j-1.2.17.jar:/home/maui-128/.m2/repository/org/junit/jupiter/junit-jupiter-engine/5.4.0/junit-jupiter-engine-5.4.0.jar:/home/maui-128/.m2/repository/org/apiguardian/apiguardian-api/1.0.0/apiguardian-api-1.0.0.jar:/home/maui-128/.m2/repository/org/junit/platform/junit-platform-engine/1.4.0/junit-platform-engine-1.4.0.jar:/home/maui-128/.m2/repository/org/opentest4j/opentest4j/1.1.1/opentest4j-1.1.1.jar:/home/maui-128/.m2/repository/org/junit/platform/junit-platform-commons/1.4.0/junit-platform-commons-1.4.0.jar:/home/maui-128/.m2/repository/org/junit/jupiter/junit-jupiter-api/5.4.0/junit-jupiter-api-5.4.0.jar:"/>
    <property name="sun.cpu.endian" value="little"/>
    <property name="user.home" value="/home/maui-128"/>
    <property name="user.language" value="en"/>
    <property name="java.specification.vendor" value="Oracle Corporation"/>
    <property name="java.version.date" value="2021-07-20"/>
    <property name="java.home" value="/usr/lib/jvm/jdk-16.0.2"/>
    <property name="file.separator" value="/"/>
    <property name="basedir" value="/home/maui-128/Documents/REPOSITORIOS/INTELIJ/Ejercitacion26-Examen"/>
    <property name="java.vm.compressedOopsMode" value="32-bit"/>
    <property name="line.separator" value="&#10;"/>
    <property name="java.vm.specification.vendor" value="Oracle Corporation"/>
    <property name="java.specification.name" value="Java Platform API Specification"/>
    <property name="surefire.real.class.path" value="/home/maui-128/Documents/REPOSITORIOS/INTELIJ/Ejercitacion26-Examen/target/surefire/surefirebooter4659742123730529096.jar"/>
    <property name="sun.management.compiler" value="HotSpot 64-Bit Tiered Compilers"/>
    <property name="java.runtime.version" value="16.0.2+7-67"/>
    <property name="user.name" value="maui-128"/>
    <property name="path.separator" value=":"/>
    <property name="os.version" value="5.4.0-81-generic"/>
    <property name="java.runtime.name" value="Java(TM) SE Runtime Environment"/>
    <property name="file.encoding" value="UTF-8"/>
    <property name="java.vm.name" value="Java HotSpot(TM) 64-Bit Server VM"/>
    <property name="localRepository" value="/home/maui-128/.m2/repository"/>
    <property name="java.vendor.url.bug" value="https://bugreport.java.com/bugreport/"/>
    <property name="java.io.tmpdir" value="/tmp"/>
    <property name="idea.version" value="2021.2.1"/>
    <property name="java.version" value="16.0.2"/>
    <property name="user.dir" value="/home/maui-128/Documents/REPOSITORIOS/INTELIJ/Ejercitacion26-Examen"/>
    <property name="os.arch" value="amd64"/>
    <property name="java.vm.specification.name" value="Java Virtual Machine Specification"/>
    <property name="java.library.path" value="/usr/java/packages/lib:/usr/lib64:/lib64:/lib:/usr/lib"/>
    <property name="java.vm.info" value="mixed mode, sharing"/>
    <property name="java.vendor" value="Oracle Corporation"/>
    <property name="java.vm.version" value="16.0.2+7-67"/>
    <property name="sun.io.unicode.encoding" value="UnicodeLittle"/>
    <property name="java.class.version" value="60.0"/>
  </properties>
  <testcase name="delete" classname="com.rueda.service.OdontologoServiceTest" time="0.296">
    <failure type="org.opentest4j.AssertionFailedError"><![CDATA[org.opentest4j.AssertionFailedError: expected: <true> but was: <false>
	at com.rueda.service.OdontologoServiceTest.delete(OdontologoServiceTest.java:66)
]]></failure>
    <system-out><![CDATA[[2021-08-27 17:02:51] [ ERROR] [OdontologoDaoH2:101] se genero un error al realizar la eliminacion del odontologo: 
org.h2.jdbc.JdbcSQLSyntaxErrorException: Table "ODONTOLOG" not found; SQL statement:
delete from odontolog where id=? [42102-200]
	at org.h2.message.DbException.getJdbcSQLException(DbException.java:453)
	at org.h2.message.DbException.getJdbcSQLException(DbException.java:429)
	at org.h2.message.DbException.get(DbException.java:205)
	at org.h2.message.DbException.get(DbException.java:181)
	at org.h2.command.Parser.readTableOrView(Parser.java:7628)
	at org.h2.command.Parser.readTableOrView(Parser.java:7599)
	at org.h2.command.Parser.readSimpleTableFilter(Parser.java:1350)
	at org.h2.command.Parser.parseDelete(Parser.java:1377)
	at org.h2.command.Parser.parsePrepared(Parser.java:914)
	at org.h2.command.Parser.parse(Parser.java:843)
	at org.h2.command.Parser.parse(Parser.java:815)
	at org.h2.command.Parser.prepareCommand(Parser.java:738)
	at org.h2.engine.Session.prepareLocal(Session.java:657)
	at org.h2.server.TcpServerThread.process(TcpServerThread.java:278)
	at org.h2.server.TcpServerThread.run(TcpServerThread.java:183)
	at java.base/java.lang.Thread.run(Thread.java:829)

	at org.h2.message.DbException.getJdbcSQLException(DbException.java:453)
	at org.h2.engine.SessionRemote.done(SessionRemote.java:611)
	at org.h2.command.CommandRemote.prepare(CommandRemote.java:85)
	at org.h2.command.CommandRemote.<init>(CommandRemote.java:51)
	at org.h2.engine.SessionRemote.prepareCommand(SessionRemote.java:481)
	at org.h2.jdbc.JdbcConnection.prepareCommand(JdbcConnection.java:1235)
	at org.h2.jdbc.JdbcPreparedStatement.<init>(JdbcPreparedStatement.java:76)
	at org.h2.jdbc.JdbcConnection.prepareStatement(JdbcConnection.java:352)
	at com.rueda.dao.impl.OdontologoDaoH2.delete(OdontologoDaoH2.java:85)
	at com.rueda.service.OdontologoService.delete(OdontologoService.java:32)
	at com.rueda.service.OdontologoServiceTest.delete(OdontologoServiceTest.java:66)
	at java.base/jdk.internal.reflect.NativeMethodAccessorImpl.invoke0(Native Method)
	at java.base/jdk.internal.reflect.NativeMethodAccessorImpl.invoke(NativeMethodAccessorImpl.java:78)
	at java.base/jdk.internal.reflect.DelegatingMethodAccessorImpl.invoke(DelegatingMethodAccessorImpl.java:43)
	at java.base/java.lang.reflect.Method.invoke(Method.java:567)
	at org.junit.platform.commons.util.ReflectionUtils.invokeMethod(ReflectionUtils.java:628)
	at org.junit.jupiter.engine.execution.ExecutableInvoker.invoke(ExecutableInvoker.java:117)
	at org.junit.jupiter.engine.descriptor.TestMethodTestDescriptor.lambda$invokeTestMethod$7(TestMethodTestDescriptor.java:184)
	at org.junit.platform.engine.support.hierarchical.ThrowableCollector.execute(ThrowableCollector.java:73)
	at org.junit.jupiter.engine.descriptor.TestMethodTestDescriptor.invokeTestMethod(TestMethodTestDescriptor.java:180)
	at org.junit.jupiter.engine.descriptor.TestMethodTestDescriptor.execute(TestMethodTestDescriptor.java:127)
	at org.junit.jupiter.engine.descriptor.TestMethodTestDescriptor.execute(TestMethodTestDescriptor.java:68)
	at org.junit.platform.engine.support.hierarchical.NodeTestTask.lambda$executeRecursively$5(NodeTestTask.java:135)
	at org.junit.platform.engine.support.hierarchical.ThrowableCollector.execute(ThrowableCollector.java:73)
	at org.junit.platform.engine.support.hierarchical.NodeTestTask.lambda$executeRecursively$7(NodeTestTask.java:125)
	at org.junit.platform.engine.support.hierarchical.Node.around(Node.java:135)
	at org.junit.platform.engine.support.hierarchical.NodeTestTask.lambda$executeRecursively$8(NodeTestTask.java:123)
	at org.junit.platform.engine.support.hierarchical.ThrowableCollector.execute(ThrowableCollector.java:73)
	at org.junit.platform.engine.support.hierarchical.NodeTestTask.executeRecursively(NodeTestTask.java:122)
	at org.junit.platform.engine.support.hierarchical.NodeTestTask.execute(NodeTestTask.java:80)
	at java.base/java.util.ArrayList.forEach(ArrayList.java:1511)
	at org.junit.platform.engine.support.hierarchical.SameThreadHierarchicalTestExecutorService.invokeAll(SameThreadHierarchicalTestExecutorService.java:38)
	at org.junit.platform.engine.support.hierarchical.NodeTestTask.lambda$executeRecursively$5(NodeTestTask.java:139)
	at org.junit.platform.engine.support.hierarchical.ThrowableCollector.execute(ThrowableCollector.java:73)
	at org.junit.platform.engine.support.hierarchical.NodeTestTask.lambda$executeRecursively$7(NodeTestTask.java:125)
	at org.junit.platform.engine.support.hierarchical.Node.around(Node.java:135)
	at org.junit.platform.engine.support.hierarchical.NodeTestTask.lambda$executeRecursively$8(NodeTestTask.java:123)
	at org.junit.platform.engine.support.hierarchical.ThrowableCollector.execute(ThrowableCollector.java:73)
	at org.junit.platform.engine.support.hierarchical.NodeTestTask.executeRecursively(NodeTestTask.java:122)
	at org.junit.platform.engine.support.hierarchical.NodeTestTask.execute(NodeTestTask.java:80)
	at java.base/java.util.ArrayList.forEach(ArrayList.java:1511)
	at org.junit.platform.engine.support.hierarchical.SameThreadHierarchicalTestExecutorService.invokeAll(SameThreadHierarchicalTestExecutorService.java:38)
	at org.junit.platform.engine.support.hierarchical.NodeTestTask.lambda$executeRecursively$5(NodeTestTask.java:139)
	at org.junit.platform.engine.support.hierarchical.ThrowableCollector.execute(ThrowableCollector.java:73)
	at org.junit.platform.engine.support.hierarchical.NodeTestTask.lambda$executeRecursively$7(NodeTestTask.java:125)
	at org.junit.platform.engine.support.hierarchical.Node.around(Node.java:135)
	at org.junit.platform.engine.support.hierarchical.NodeTestTask.lambda$executeRecursively$8(NodeTestTask.java:123)
	at org.junit.platform.engine.support.hierarchical.ThrowableCollector.execute(ThrowableCollector.java:73)
	at org.junit.platform.engine.support.hierarchical.NodeTestTask.executeRecursively(NodeTestTask.java:122)
	at org.junit.platform.engine.support.hierarchical.NodeTestTask.execute(NodeTestTask.java:80)
	at org.junit.platform.engine.support.hierarchical.SameThreadHierarchicalTestExecutorService.submit(SameThreadHierarchicalTestExecutorService.java:32)
	at org.junit.platform.engine.support.hierarchical.HierarchicalTestExecutor.execute(HierarchicalTestExecutor.java:57)
	at org.junit.platform.engine.support.hierarchical.HierarchicalTestEngine.execute(HierarchicalTestEngine.java:51)
	at org.junit.platform.launcher.core.DefaultLauncher.execute(DefaultLauncher.java:229)
	at org.junit.platform.launcher.core.DefaultLauncher.lambda$execute$6(DefaultLauncher.java:197)
	at org.junit.platform.launcher.core.DefaultLauncher.withInterceptedStreams(DefaultLauncher.java:211)
	at org.junit.platform.launcher.core.DefaultLauncher.execute(DefaultLauncher.java:191)
	at org.junit.platform.launcher.core.DefaultLauncher.execute(DefaultLauncher.java:128)
	at org.apache.maven.surefire.junitplatform.JUnitPlatformProvider.execute(JUnitPlatformProvider.java:188)
	at org.apache.maven.surefire.junitplatform.JUnitPlatformProvider.invokeAllTests(JUnitPlatformProvider.java:154)
	at org.apache.maven.surefire.junitplatform.JUnitPlatformProvider.invoke(JUnitPlatformProvider.java:128)
	at org.apache.maven.surefire.booter.ForkedBooter.runSuitesInProcess(ForkedBooter.java:428)
	at org.apache.maven.surefire.booter.ForkedBooter.execute(ForkedBooter.java:162)
	at org.apache.maven.surefire.booter.ForkedBooter.run(ForkedBooter.java:562)
	at org.apache.maven.surefire.booter.ForkedBooter.main(ForkedBooter.java:548)
]]></system-out>
  </testcase>
  <testcase name="insert" classname="com.rueda.service.OdontologoServiceTest" time="0.07">
    <system-out><![CDATA[[2021-08-27 17:02:51] [ INFO ] [OdontologoDaoH2:115] se logro insertar al: Odontologo con nombre: Carmen, apellido: Garcia y matricula: matricula5
[2021-08-27 17:02:51] [ INFO ] [OdontologoDaoH2:115] se logro insertar al: Odontologo con nombre: Carmen, apellido: Garcia y matricula: matricula5
[2021-08-27 17:02:51] [ INFO ] [OdontologoDaoH2:115] se logro insertar al: Odontologo con nombre: Fabian, apellido: Barboza y matricula: matricula6
]]></system-out>
  </testcase>
  <testcase name="readMany" classname="com.rueda.service.OdontologoServiceTest" time="0.022">
    <system-out><![CDATA[[2021-08-27 17:02:51] [ INFO ] [OdontologoDaoH2:32] se realizo la busqueda de todos los odontologos de forma satisfactoria
[2021-08-27 17:02:51] [ INFO ] [OdontologoDaoH2:32] se realizo la busqueda de todos los odontologos de forma satisfactoria
]]></system-out>
  </testcase>
  <testcase name="update" classname="com.rueda.service.OdontologoServiceTest" time="0.022">
    <error type="java.lang.NullPointerException"><![CDATA[java.lang.NullPointerException: Cannot invoke "com.rueda.model.Odontologo.getNombre()" because "object" is null
	at com.rueda.service.OdontologoServiceTest.update(OdontologoServiceTest.java:60)
]]></error>
    <system-out><![CDATA[[2021-08-27 17:02:51] [ INFO ] [OdontologoDaoH2:53] se encontro a el: Odontologo con nombre: Juan, apellido: machado y matricula: miMatricula43
[2021-08-27 17:02:51] [ INFO ] [OdontologoDaoH2:69] se actualizo al odontologoOdontologo con nombre: Juan, apellido: machado y matricula: miMatricula43
]]></system-out>
  </testcase>
  <testcase name="readOne" classname="com.rueda.service.OdontologoServiceTest" time="0.028">
    <failure type="org.opentest4j.AssertionFailedError"><![CDATA[org.opentest4j.AssertionFailedError: expected: <juan> but was: <Juan>
	at com.rueda.service.OdontologoServiceTest.readOne(OdontologoServiceTest.java:47)
]]></failure>
    <system-out><![CDATA[[2021-08-27 17:02:51] [ INFO ] [OdontologoDaoH2:53] se encontro a el: Odontologo con nombre: Juan, apellido: machado y matricula: miMatricula43
[2021-08-27 17:02:51] [ INFO ] [OdontologoDaoH2:53] se encontro a el: Odontologo con nombre: Juan, apellido: machado y matricula: miMatricula43
[2021-08-27 17:02:51] [ INFO ] [OdontologoDaoH2:53] se encontro a el: Odontologo con nombre: Juan, apellido: machado y matricula: miMatricula43
]]></system-out>
  </testcase>
</testsuite>